INFO  2020-12-02 13:14:08.134 src/main.cpp:287 NixNote 2.1.5+dfsg1-1build1, build at Mar 23 2020 at 06:20:43, with Qt 5.12.5 running on 5.15.1
INFO  2020-12-02 13:14:08.134 src/main.cpp:290 To get more detailed startup logging use --logLevel=1
WARN  2020-12-02 13:29:34.662 src/html/noteformatter.cpp:194 Note is inactive.  Setting to read-only. Note guid="4d23ed05-0fb4-4c44-97ea-f6d49379e1f5"
WARN  2020-12-02 13:29:39.689 src/html/noteformatter.cpp:194 Note is inactive.  Setting to read-only. Note guid="ef803e96-4736-4207-9e85-5eeac9b2765c"
WARN  2020-12-02 13:30:24.659 src/html/noteformatter.cpp:194 Note is inactive.  Setting to read-only. Note guid="1db83d03-3458-4f24-8bd5-184b884bc01b"
WARN  2020-12-02 13:33:19.652 src/html/noteformatter.cpp:194 Note is inactive.  Setting to read-only. Note guid="6b014500-5ab6-44ca-afbb-861f5db83bf5"
WARN  2020-12-02 13:33:24.658 src/html/noteformatter.cpp:194 Note is inactive.  Setting to read-only. Note guid="e0822075-fd89-4470-82b9-be44982f14c9"
WARN  2020-12-02 13:35:19.656 src/html/noteformatter.cpp:194 Note is inactive.  Setting to read-only. Note guid="360fe417-d4b9-4002-b218-7cdeed82c013"
WARN  2020-12-02 13:39:29.653 src/html/noteformatter.cpp:77 Content class not empty. Setting read-only. Note guid="5659218d-fa97-4f6f-9946-0339c7b6893a"
WARN  2020-12-02 13:39:34.668 src/html/noteformatter.cpp:194 Note is inactive.  Setting to read-only. Note guid="765441be-8632-404a-8d92-912957193ff4"
WARN  2020-12-02 13:39:39.654 src/html/noteformatter.cpp:77 Content class not empty. Setting read-only. Note guid="c6ff85ff-5363-40d1-8190-6eb537205cf5"
WARN  2020-12-02 13:40:29.657 src/html/noteformatter.cpp:194 Note is inactive.  Setting to read-only. Note guid="80a62fc0-ae41-4fe1-9f8b-1862046d226d"
WARN  2020-12-02 13:41:04.657 src/html/noteformatter.cpp:194 Note is inactive.  Setting to read-only. Note guid="ef8c34fa-4231-46bf-bc12-04da8edc1a3c"
WARN  2020-12-02 13:41:19.654 src/html/noteformatter.cpp:77 Content class not empty. Setting read-only. Note guid="2ba54588-6487-4201-8f3d-9d4c238ecd84"
WARN  2020-12-02 13:41:49.654 src/html/noteformatter.cpp:77 Content class not empty. Setting read-only. Note guid="9bac9c8a-2948-4e4a-bc6c-a9f6cb5b2665"
WARN  2020-12-02 13:41:49.664 src/html/noteformatter.cpp:194 Note is inactive.  Setting to read-only. Note guid="9bac9c8a-2948-4e4a-bc6c-a9f6cb5b2665"
WARN  2020-12-02 13:42:04.657 src/html/noteformatter.cpp:194 Note is inactive.  Setting to read-only. Note guid="6185352a-7056-4bc5-b36e-b1295fb4053f"
WARN  2020-12-02 13:45:04.654 src/html/noteformatter.cpp:77 Content class not empty. Setting read-only. Note guid="e4571472-3e0b-444f-a147-324e7fbb8b2d"
WARN  2020-12-02 13:46:24.665 src/html/noteformatter.cpp:194 Note is inactive.  Setting to read-only. Note guid="2483482c-dcc9-4499-93fa-5b44255a49e1"
WARN  2020-12-02 13:46:54.656 src/html/noteformatter.cpp:77 Content class not empty. Setting read-only. Note guid="bb26949b-9589-4d14-b1b4-243471461d58"
WARN  2020-12-02 13:47:14.656 src/html/noteformatter.cpp:77 Content class not empty. Setting read-only. Note guid="310a3dff-5428-4043-bc49-42b4e090ecad"
WARN  2020-12-02 13:47:19.654 src/html/noteformatter.cpp:77 Content class not empty. Setting read-only. Note guid="71c59fd9-76c8-48b4-af75-fb8ce8177ba3"
WARN  2020-12-02 13:48:04.655 src/html/noteformatter.cpp:77 Content class not empty. Setting read-only. Note guid="c778bca2-8fdb-40ec-948a-8e970e9907be"
WARN  2020-12-02 13:48:09.653 src/html/noteformatter.cpp:77 Content class not empty. Setting read-only. Note guid="842a1e48-b8e0-44f3-995a-f68273071e71"
WARN  2020-12-02 13:49:19.659 src/html/noteformatter.cpp:194 Note is inactive.  Setting to read-only. Note guid="55baac73-9dc7-445a-8a6a-c15d06f97e56"
WARN  2020-12-02 13:49:34.654 src/html/noteformatter.cpp:77 Content class not empty. Setting read-only. Note guid="7269e24b-a1ff-4baf-872d-7d3271bc784c"
WARN  2020-12-02 13:51:04.654 src/html/noteformatter.cpp:77 Content class not empty. Setting read-only. Note guid="4c365ea6-dc9e-419b-adf9-20b34ab0b0e3"
WARN  2020-12-02 13:51:09.654 src/html/noteformatter.cpp:77 Content class not empty. Setting read-only. Note guid="dfcd535b-32ab-4224-a6e7-9fccdb539a99"
WARN  2020-12-02 13:51:14.655 src/html/noteformatter.cpp:77 Content class not empty. Setting read-only. Note guid="daaa1db5-0cda-423c-a210-dfde9a981f08"
WARN  2020-12-02 13:51:19.653 src/html/noteformatter.cpp:77 Content class not empty. Setting read-only. Note guid="dd97eda5-7d9c-4d4a-b8ce-361b40f62d5d"
WARN  2020-12-02 13:51:24.657 src/html/noteformatter.cpp:77 Content class not empty. Setting read-only. Note guid="28b3351c-bdf7-4650-a6bd-9941d4cbcceb"
WARN  2020-12-02 13:51:29.654 src/html/noteformatter.cpp:77 Content class not empty. Setting read-only. Note guid="7716b2fc-a185-4af5-86a0-35a006a8f7ec"
WARN  2020-12-02 13:51:34.655 src/html/noteformatter.cpp:77 Content class not empty. Setting read-only. Note guid="57c24e9e-2b62-473f-8372-91ab2254620e"
WARN  2020-12-02 13:51:39.654 src/html/noteformatter.cpp:77 Content class not empty. Setting read-only. Note guid="991b1744-7d5c-4434-a68c-b2118391f09c"
WARN  2020-12-02 13:51:44.655 src/html/noteformatter.cpp:77 Content class not empty. Setting read-only. Note guid="0f95decf-171f-40e1-9bf8-3c52c6068523"
WARN  2020-12-02 13:51:49.657 src/html/noteformatter.cpp:77 Content class not empty. Setting read-only. Note guid="c5d66b45-9ff9-4cd0-a7ad-623bc266677e"
WARN  2020-12-02 13:51:54.656 src/html/noteformatter.cpp:77 Content class not empty. Setting read-only. Note guid="b0591661-4331-49f6-8a21-da2e64e7d177"
WARN  2020-12-02 13:51:59.654 src/html/noteformatter.cpp:77 Content class not empty. Setting read-only. Note guid="037103d9-ad0a-43ac-a92d-589ef8fb1d01"
WARN  2020-12-02 13:52:04.654 src/html/noteformatter.cpp:77 Content class not empty. Setting read-only. Note guid="fbaed198-5a6d-40ae-bcd2-d4a83a8cce1c"
WARN  2020-12-02 13:52:19.659 src/html/noteformatter.cpp:77 Content class not empty. Setting read-only. Note guid="72ddc44a-ccce-4703-8f85-6f911d1ff9dc"
WARN  2020-12-02 13:52:24.656 src/html/noteformatter.cpp:77 Content class not empty. Setting read-only. Note guid="64e8da47-0718-45e6-ba4e-88c8917d9013"
WARN  2020-12-02 13:52:29.653 src/html/noteformatter.cpp:77 Content class not empty. Setting read-only. Note guid="1a958854-d76c-4090-b397-94bdf1e79e9a"
WARN  2020-12-02 13:53:09.656 src/html/noteformatter.cpp:194 Note is inactive.  Setting to read-only. Note guid="ec3c42ca-c1a9-4618-8ad1-58a39bfff94f"
WARN  2020-12-02 13:53:14.665 src/html/noteformatter.cpp:194 Note is inactive.  Setting to read-only. Note guid="66365f2a-9a69-48da-9229-715284491666"
WARN  2020-12-02 13:56:59.653 src/html/noteformatter.cpp:77 Content class not empty. Setting read-only. Note guid="85b9c98a-4c05-4a51-b583-fae153a49992"
WARN  2020-12-02 13:58:44.668 src/html/noteformatter.cpp:194 Note is inactive.  Setting to read-only. Note guid="d87a3c6f-c060-47da-8f95-919b0f88aaf1"
WARN  2020-12-02 13:59:09.655 src/html/noteformatter.cpp:77 Content class not empty. Setting read-only. Note guid="60f91f97-03d0-42b7-94a7-7f46246c5894"
WARN  2020-12-02 13:59:14.650 src/html/noteformatter.cpp:77 Content class not empty. Setting read-only. Note guid="3ab24a9d-a850-43da-af1b-5be20ea10140"
WARN  2020-12-02 13:59:59.650 src/html/noteformatter.cpp:77 Content class not empty. Setting read-only. Note guid="9fd6cc6e-f2b7-4a70-8281-dc2d5b40272c"
WARN  2020-12-02 14:00:04.656 src/html/noteformatter.cpp:77 Content class not empty. Setting read-only. Note guid="dd333444-fe5d-4230-9933-29e6ecff45d7"
WARN  2020-12-02 14:00:54.666 src/html/noteformatter.cpp:194 Note is inactive.  Setting to read-only. Note guid="378a5a1e-e7f6-469c-84ea-4e6f9a450241"
WARN  2020-12-02 14:01:19.653 src/html/noteformatter.cpp:77 Content class not empty. Setting read-only. Note guid="bbaefdef-08f8-4ae6-87f1-c686afd5392a"
WARN  2020-12-02 14:01:34.654 src/html/noteformatter.cpp:77 Content class not empty. Setting read-only. Note guid="e5309087-2a4b-4555-a6a3-cedc7769965d"
WARN  2020-12-02 14:02:34.656 src/html/noteformatter.cpp:194 Note is inactive.  Setting to read-only. Note guid="fca7dc21-06c5-4b09-adc9-965ec8666059"
WARN  2020-12-02 14:05:14.656 src/html/noteformatter.cpp:77 Content class not empty. Setting read-only. Note guid="9f4ea210-1afa-445a-97dd-1fd6f35441e5"
WARN  2020-12-02 14:06:44.659 src/html/noteformatter.cpp:194 Note is inactive.  Setting to read-only. Note guid="43a940aa-e383-4a1f-9ebe-3922049f003c"
WARN  2020-12-02 14:06:49.657 src/html/noteformatter.cpp:194 Note is inactive.  Setting to read-only. Note guid="3af5d477-184e-4627-a657-e570b6d78833"
WARN  2020-12-02 14:08:29.657 src/html/noteformatter.cpp:194 Note is inactive.  Setting to read-only. Note guid="ecd16c6a-c604-4294-a71c-4a72c9821763"
WARN  2020-12-02 14:09:29.657 src/html/noteformatter.cpp:194 Note is inactive.  Setting to read-only. Note guid="4f05c953-5289-4abe-99bc-763489b25cfd"
WARN  2020-12-02 14:09:44.666 src/html/noteformatter.cpp:194 Note is inactive.  Setting to read-only. Note guid="fce61d80-4cc4-4fbe-b75e-caf402bc2727"
WARN  2020-12-02 14:10:34.657 src/html/noteformatter.cpp:194 Note is inactive.  Setting to read-only. Note guid="e480a119-98d5-4f70-99cc-caeb62221103"
WARN  2020-12-02 14:14:24.654 src/html/noteformatter.cpp:194 Note is inactive.  Setting to read-only. Note guid="290a4548-4aa0-489b-9b84-5a56d7584240"
WARN  2020-12-02 14:14:34.657 src/html/noteformatter.cpp:194 Note is inactive.  Setting to read-only. Note guid="26aebf2c-2663-4d68-98e6-541f8e0c4e83"
WARN  2020-12-02 14:15:19.654 src/html/noteformatter.cpp:77 Content class not empty. Setting read-only. Note guid="878ec806-8570-448e-85fa-93aa34207266"
WARN  2020-12-02 14:15:24.654 src/html/noteformatter.cpp:77 Content class not empty. Setting read-only. Note guid="090e1a44-c5f2-4117-82ee-5e372d853422"
WARN  2020-12-02 14:15:34.654 src/html/noteformatter.cpp:77 Content class not empty. Setting read-only. Note guid="f67f1543-70cc-46f3-914f-0487b205ea2e"
WARN  2020-12-02 14:15:39.653 src/html/noteformatter.cpp:77 Content class not empty. Setting read-only. Note guid="69369918-0d0c-402d-9d1c-a8e820c17486"
WARN  2020-12-02 14:15:44.653 src/html/noteformatter.cpp:77 Content class not empty. Setting read-only. Note guid="afd4c396-dc07-4bb2-8051-53659db69430"
WARN  2020-12-02 14:17:19.657 src/html/noteformatter.cpp:194 Note is inactive.  Setting to read-only. Note guid="368a5d6d-f239-4e0a-93bb-00a591a3eb20"
WARN  2020-12-02 14:19:24.657 src/html/noteformatter.cpp:194 Note is inactive.  Setting to read-only. Note guid="bce5a108-ed3d-44d3-816b-f049ea915d36"
WARN  2020-12-02 14:20:09.685 src/html/noteformatter.cpp:194 Note is inactive.  Setting to read-only. Note guid="440bdf66-0f6a-452c-a958-c5705523eae2"
WARN  2020-12-02 14:20:14.658 src/html/noteformatter.cpp:194 Note is inactive.  Setting to read-only. Note guid="f1e0796f-eab8-4c3e-a054-3f159aed2d91"
WARN  2020-12-02 14:20:59.658 src/html/noteformatter.cpp:194 Note is inactive.  Setting to read-only. Note guid="f4ae643f-61f0-4d5f-b00a-09ae7c4f01af"
WARN  2020-12-02 14:24:19.657 src/html/noteformatter.cpp:194 Note is inactive.  Setting to read-only. Note guid="f7fe2a64-8b8d-4e64-981f-ffbe03572d95"
WARN  2020-12-02 14:25:09.658 src/html/noteformatter.cpp:194 Note is inactive.  Setting to read-only. Note guid="6c3ce209-96ef-46f2-b598-8b673acaeb27"
WARN  2020-12-02 14:29:49.657 src/html/noteformatter.cpp:194 Note is inactive.  Setting to read-only. Note guid="82236ac8-50ca-461a-abec-d8e1fa97fc32"
WARN  2020-12-02 14:30:04.659 src/html/noteformatter.cpp:194 Note is inactive.  Setting to read-only. Note guid="a7062ba0-fb9d-40b4-b87d-6e38fed32c64"
WARN  2020-12-02 14:30:29.657 src/html/noteformatter.cpp:194 Note is inactive.  Setting to read-only. Note guid="c8fe5c98-dbcf-486c-9ea5-f580ae80f282"
WARN  2020-12-02 14:30:34.654 src/html/noteformatter.cpp:194 Note is inactive.  Setting to read-only. Note guid="041661ef-2e8a-423e-96e1-01b77f14a5d0"
WARN  2020-12-02 14:30:39.657 src/html/noteformatter.cpp:194 Note is inactive.  Setting to read-only. Note guid="b9a76f6a-a6df-4943-ad0b-d9e72c39e76b"
WARN  2020-12-02 14:30:44.664 src/html/noteformatter.cpp:194 Note is inactive.  Setting to read-only. Note guid="73949c1a-321f-4d96-a573-a44904766991"
ERROR 2020-12-02 14:31:49.681 src/sql/resourcetable.cpp:774 Resource not found for lid:1449 key:6003 hash:"f24c869cb20eb190179ef03426fb2a45"
WARN  2020-12-02 14:37:14.666 src/html/noteformatter.cpp:194 Note is inactive.  Setting to read-only. Note guid="62487b21-75f2-40a0-967c-cf6a81c08dfd"
WARN  2020-12-02 14:37:19.657 src/html/noteformatter.cpp:194 Note is inactive.  Setting to read-only. Note guid="1b5529dc-cf3a-43fb-8988-d3e829c024fd"
WARN  2020-12-02 14:37:24.657 src/html/noteformatter.cpp:194 Note is inactive.  Setting to read-only. Note guid="02047338-ac3f-43d5-b29a-0ce7b7e7dc80"
WARN  2020-12-02 14:37:29.662 src/html/noteformatter.cpp:194 Note is inactive.  Setting to read-only. Note guid="c09c2f7b-45b4-417a-bec9-fce43ea3abcd"
WARN  2020-12-02 14:37:34.657 src/html/noteformatter.cpp:194 Note is inactive.  Setting to read-only. Note guid="a25fabc3-227a-45b3-a680-d6c5b734b009"
ERROR 2020-12-02 14:39:24.670 src/sql/resourcetable.cpp:774 Resource not found for lid:1545 key:6003 hash:"4fb805b51caa3a027f0194281460057e"
ERROR 2020-12-02 14:39:24.671 src/sql/resourcetable.cpp:774 Resource not found for lid:1546 key:6003 hash:"4fb805b51caa3a027f0194281460057e"
ERROR 2020-12-02 14:39:24.672 src/sql/resourcetable.cpp:774 Resource not found for lid:1547 key:6003 hash:"4fb805b51caa3a027f0194281460057e"
ERROR 2020-12-02 14:39:24.672 src/sql/resourcetable.cpp:774 Resource not found for lid:1564 key:6003 hash:"4fb805b51caa3a027f0194281460057e"
ERROR 2020-12-02 14:39:24.673 src/sql/resourcetable.cpp:774 Resource not found for lid:1565 key:6003 hash:"4fb805b51caa3a027f0194281460057e"
ERROR 2020-12-02 14:39:24.702 src/sql/resourcetable.cpp:774 Resource not found for lid:1545 key:6003 hash:"9fa79181dffcc98f865ff2e40205f567"
ERROR 2020-12-02 14:39:24.707 src/sql/resourcetable.cpp:774 Resource not found for lid:1545 key:6003 hash:"4d79c26d1932fdad4eae9739eec2c92c"
ERROR 2020-12-02 14:39:24.708 src/sql/resourcetable.cpp:774 Resource not found for lid:1546 key:6003 hash:"4d79c26d1932fdad4eae9739eec2c92c"
WARN  2020-12-02 14:43:44.660 src/html/noteformatter.cpp:194 Note is inactive.  Setting to read-only. Note guid="e8d56a81-1e1d-47e7-8711-8b871336455d"
WARN  2020-12-02 14:43:49.658 src/html/noteformatter.cpp:194 Note is inactive.  Setting to read-only. Note guid="eba1fc58-aa57-4cfc-bf2d-b4efe9b4e6a9"
WARN  2020-12-02 14:43:54.693 src/html/noteformatter.cpp:194 Note is inactive.  Setting to read-only. Note guid="c062b921-dc03-4834-ab52-939b6fc8a5a5"
WARN  2020-12-02 14:46:09.657 src/html/noteformatter.cpp:194 Note is inactive.  Setting to read-only. Note guid="3030314d-497f-4812-ac9e-5913b4dd1ab2"
WARN  2020-12-02 14:46:34.661 src/html/noteformatter.cpp:194 Note is inactive.  Setting to read-only. Note guid="bb1ad337-e285-4dcf-9509-51deaa6d9db7"
WARN  2020-12-02 14:46:59.658 src/html/noteformatter.cpp:194 Note is inactive.  Setting to read-only. Note guid="d403d4e7-6ae8-4ec4-a7af-b7209c97d467"
WARN  2020-12-02 14:47:59.658 src/html/noteformatter.cpp:194 Note is inactive.  Setting to read-only. Note guid="408777dc-073b-438d-87d6-cc28c86dc5d4"
WARN  2020-12-02 14:54:09.658 src/html/noteformatter.cpp:194 Note is inactive.  Setting to read-only. Note guid="3e3b4801-b9c9-4b80-9c2c-c08ea30b774f"
WARN  2020-12-02 14:55:34.660 src/html/noteformatter.cpp:194 Note is inactive.  Setting to read-only. Note guid="ecd8647d-9a09-46e3-95e0-76e842c822e7"
WARN  2020-12-02 14:55:39.659 src/html/noteformatter.cpp:194 Note is inactive.  Setting to read-only. Note guid="a6de1541-b82b-4359-bdd0-07d84629e77f"
WARN  2020-12-02 14:55:44.659 src/html/noteformatter.cpp:194 Note is inactive.  Setting to read-only. Note guid="01be35ac-a43e-4f34-b904-afedec9ab78d"
WARN  2020-12-02 14:57:44.657 src/html/noteformatter.cpp:194 Note is inactive.  Setting to read-only. Note guid="72009906-4b4e-4825-a571-6d096895f094"
WARN  2020-12-02 15:01:01.661 src/html/noteformatter.cpp:194 Note is inactive.  Setting to read-only. Note guid="8d60a861-574c-441d-b4dd-e071068b9d7a"
WARN  2020-12-02 15:03:21.650 src/html/noteformatter.cpp:77 Content class not empty. Setting read-only. Note guid="f5be3c9b-2ccd-4332-935f-691bc17d0c9e"
WARN  2020-12-02 15:03:21.682 src/html/noteformatter.cpp:194 Note is inactive.  Setting to read-only. Note guid="f5be3c9b-2ccd-4332-935f-691bc17d0c9e"
WARN  2020-12-02 15:03:26.652 src/html/noteformatter.cpp:77 Content class not empty. Setting read-only. Note guid="c9991d4e-2cf5-4f20-88e9-e4082dbe1cda"
WARN  2020-12-02 15:03:26.668 src/html/noteformatter.cpp:194 Note is inactive.  Setting to read-only. Note guid="c9991d4e-2cf5-4f20-88e9-e4082dbe1cda"
WARN  2020-12-02 15:04:31.660 src/html/noteformatter.cpp:194 Note is inactive.  Setting to read-only. Note guid="f04e7d73-2c72-4144-b110-0a57f3136b66"
WARN  2020-12-02 15:04:36.659 src/html/noteformatter.cpp:194 Note is inactive.  Setting to read-only. Note guid="d08cacc3-0e49-4494-b35a-4a6f363888ca"
WARN  2020-12-02 15:04:41.671 src/html/noteformatter.cpp:194 Note is inactive.  Setting to read-only. Note guid="04826ad4-772f-476e-9584-403700498597"
WARN  2020-12-02 15:04:46.659 src/html/noteformatter.cpp:194 Note is inactive.  Setting to read-only. Note guid="eed39dc5-4af6-4c16-9b47-440e0ca189e1"
WARN  2020-12-02 15:04:51.658 src/html/noteformatter.cpp:194 Note is inactive.  Setting to read-only. Note guid="48c6e6c6-8573-4937-8c66-24632b18e1bf"
WARN  2020-12-02 15:04:56.659 src/html/noteformatter.cpp:194 Note is inactive.  Setting to read-only. Note guid="ec7681f0-67ee-4eb8-b238-4a0e8819f19a"
WARN  2020-12-02 15:05:01.662 src/html/noteformatter.cpp:194 Note is inactive.  Setting to read-only. Note guid="58ebb1d3-04c8-465b-842c-611d9e87da8a"
WARN  2020-12-02 15:05:06.659 src/html/noteformatter.cpp:194 Note is inactive.  Setting to read-only. Note guid="ccf32a37-8be1-4283-811a-55e6fd25958c"
WARN  2020-12-02 15:05:16.659 src/html/noteformatter.cpp:194 Note is inactive.  Setting to read-only. Note guid="eec628a5-1189-4351-b87d-d92e0e3cb74e"
WARN  2020-12-02 15:05:21.654 src/html/noteformatter.cpp:194 Note is inactive.  Setting to read-only. Note guid="816ac573-a7c6-43e6-bee6-87000fcb450a"
WARN  2020-12-02 15:05:26.658 src/html/noteformatter.cpp:194 Note is inactive.  Setting to read-only. Note guid="37c1946d-c78b-4d7a-8328-36f59cdab01c"
WARN  2020-12-02 15:05:31.673 src/html/noteformatter.cpp:194 Note is inactive.  Setting to read-only. Note guid="8e53cbcc-82f7-47b7-92e4-c208c94f9d22"
WARN  2020-12-02 15:05:36.654 src/html/noteformatter.cpp:194 Note is inactive.  Setting to read-only. Note guid="d1d1040e-33e3-4349-af5a-31798e646d06"
WARN  2020-12-02 15:05:46.660 src/html/noteformatter.cpp:194 Note is inactive.  Setting to read-only. Note guid="b5b59efa-af00-4a73-a5b5-dab95bd9bd40"
WARN  2020-12-02 15:05:51.658 src/html/noteformatter.cpp:194 Note is inactive.  Setting to read-only. Note guid="4ae8d209-bb97-4505-8cd5-bd7a1d258925"
WARN  2020-12-02 15:05:56.659 src/html/noteformatter.cpp:194 Note is inactive.  Setting to read-only. Note guid="c2500599-29c4-4481-a908-3814425984e8"
WARN  2020-12-02 15:06:01.660 src/html/noteformatter.cpp:194 Note is inactive.  Setting to read-only. Note guid="236bd4af-7046-4129-9fbd-6f1812f624c2"
WARN  2020-12-02 15:06:06.660 src/html/noteformatter.cpp:194 Note is inactive.  Setting to read-only. Note guid="f8c9d8a4-f45a-40ce-a1c9-cfedf10560a9"
WARN  2020-12-02 15:06:11.671 src/html/noteformatter.cpp:194 Note is inactive.  Setting to read-only. Note guid="ed7b145a-5ee8-446f-b421-382f3e88df76"
WARN  2020-12-02 15:06:16.671 src/html/noteformatter.cpp:194 Note is inactive.  Setting to read-only. Note guid="1bf29e06-d413-489e-b48b-140cc87ce613"
WARN  2020-12-02 15:06:21.677 src/html/noteformatter.cpp:194 Note is inactive.  Setting to read-only. Note guid="e024ea9f-0978-4565-b46f-87fe43fac938"
WARN  2020-12-02 15:07:26.662 src/html/noteformatter.cpp:194 Note is inactive.  Setting to read-only. Note guid="e2fce21e-a9a7-46fc-979d-56a8ac64954d"
WARN  2020-12-02 15:07:31.661 src/html/noteformatter.cpp:194 Note is inactive.  Setting to read-only. Note guid="2351aa8b-3719-4e5d-a5f3-0bdb4e285c35"
WARN  2020-12-02 15:07:36.659 src/html/noteformatter.cpp:194 Note is inactive.  Setting to read-only. Note guid="be06a58e-8ec0-4f5c-ba27-14e90f7bf595"
WARN  2020-12-02 15:07:41.659 src/html/noteformatter.cpp:194 Note is inactive.  Setting to read-only. Note guid="88cbc894-e852-4aa2-a5e9-ad5429179477"
WARN  2020-12-02 15:07:46.660 src/html/noteformatter.cpp:194 Note is inactive.  Setting to read-only. Note guid="155d7a28-35f2-4deb-8b5a-19a938bd4a93"
WARN  2020-12-02 15:07:51.659 src/html/noteformatter.cpp:194 Note is inactive.  Setting to read-only. Note guid="b91eaa33-de09-42df-b435-48acea94caf3"
WARN  2020-12-02 15:07:56.674 src/html/noteformatter.cpp:194 Note is inactive.  Setting to read-only. Note guid="6845d1cc-eb9b-4dd4-9306-7f5936080a25"
WARN  2020-12-02 15:08:01.655 src/html/noteformatter.cpp:194 Note is inactive.  Setting to read-only. Note guid="f7810742-48c9-4075-9aea-cb668c7372b0"
WARN  2020-12-02 15:08:06.655 src/html/noteformatter.cpp:194 Note is inactive.  Setting to read-only. Note guid="97a53395-1567-428f-b204-9efeb1ed4b3b"
WARN  2020-12-02 15:08:11.680 src/html/noteformatter.cpp:194 Note is inactive.  Setting to read-only. Note guid="9252ac72-53c3-4fba-b6b2-a177c148fd22"
WARN  2020-12-02 15:08:16.655 src/html/noteformatter.cpp:194 Note is inactive.  Setting to read-only. Note guid="caf67ae8-c4f8-462b-bf21-7035c18ec5b6"
WARN  2020-12-02 15:08:21.655 src/html/noteformatter.cpp:194 Note is inactive.  Setting to read-only. Note guid="2e67a974-e0a1-47db-81db-f7d47fece95f"
WARN  2020-12-02 15:08:26.657 src/html/noteformatter.cpp:194 Note is inactive.  Setting to read-only. Note guid="e11b02a3-5bdc-40d7-b60f-75db11b76e93"
WARN  2020-12-02 15:08:31.666 src/html/noteformatter.cpp:194 Note is inactive.  Setting to read-only. Note guid="a528751c-ff76-4afb-b16a-1b5a369cb4d4"
WARN  2020-12-02 15:08:36.659 src/html/noteformatter.cpp:194 Note is inactive.  Setting to read-only. Note guid="5c9d6b12-65c8-4dae-9aa8-5f63d8c23a7c"
WARN  2020-12-02 15:08:41.655 src/html/noteformatter.cpp:194 Note is inactive.  Setting to read-only. Note guid="5d41e334-82b6-4773-a2a1-efb86b79724f"
WARN  2020-12-02 15:08:46.675 src/html/noteformatter.cpp:194 Note is inactive.  Setting to read-only. Note guid="1fed77f2-64ed-48f2-8c1a-6ba2413bb9b8"
WARN  2020-12-02 15:08:51.671 src/html/noteformatter.cpp:194 Note is inactive.  Setting to read-only. Note guid="95718072-92f5-465e-ad5e-17411c479ba0"
WARN  2020-12-02 15:08:56.671 src/html/noteformatter.cpp:194 Note is inactive.  Setting to read-only. Note guid="e7e75d11-1249-40d1-81e8-cca5b89f4ab0"
WARN  2020-12-02 15:09:01.675 src/html/noteformatter.cpp:194 Note is inactive.  Setting to read-only. Note guid="e88ed9d0-5a3b-4e31-a2d6-8aac7d9fd844"
WARN  2020-12-02 15:09:06.661 src/html/noteformatter.cpp:194 Note is inactive.  Setting to read-only. Note guid="e09ea16f-3ce6-4d0c-8b05-cafe9453107e"
WARN  2020-12-02 15:09:11.664 src/html/noteformatter.cpp:194 Note is inactive.  Setting to read-only. Note guid="9694380c-c71c-421f-9f1d-360ad01f69ea"
WARN  2020-12-02 15:09:16.658 src/html/noteformatter.cpp:194 Note is inactive.  Setting to read-only. Note guid="17836c4b-dac1-4a2e-9115-8cb49259a4b9"
WARN  2020-12-02 15:09:21.655 src/html/noteformatter.cpp:194 Note is inactive.  Setting to read-only. Note guid="73694208-9140-44bc-a9a3-5b4ce031725f"
WARN  2020-12-02 15:09:26.671 src/html/noteformatter.cpp:194 Note is inactive.  Setting to read-only. Note guid="42521659-c41d-4cf3-9eea-0161bd334975"
WARN  2020-12-02 15:09:31.670 src/html/noteformatter.cpp:194 Note is inactive.  Setting to read-only. Note guid="375cb2e2-1d3a-4a72-925a-077107b7c92e"
WARN  2020-12-02 15:09:36.669 src/html/noteformatter.cpp:194 Note is inactive.  Setting to read-only. Note guid="a3ff87ae-698f-4529-973e-80be9f30e452"
WARN  2020-12-02 15:09:41.672 src/html/noteformatter.cpp:194 Note is inactive.  Setting to read-only. Note guid="ee39cd71-449b-486e-9571-8c4367d4c980"
WARN  2020-12-02 15:09:46.659 src/html/noteformatter.cpp:194 Note is inactive.  Setting to read-only. Note guid="7018c902-8793-4dbc-b624-70de6dc3e7c9"
WARN  2020-12-02 15:09:51.659 src/html/noteformatter.cpp:194 Note is inactive.  Setting to read-only. Note guid="9e939814-d6da-4ea3-a0aa-ade680ed7219"
WARN  2020-12-02 15:09:56.679 src/html/noteformatter.cpp:194 Note is inactive.  Setting to read-only. Note guid="3d4e83b5-db6b-4b63-a05c-f0720c670a72"
WARN  2020-12-02 15:10:01.667 src/html/noteformatter.cpp:194 Note is inactive.  Setting to read-only. Note guid="0f8af9d8-6500-43cc-8e8d-239b9aa05b03"
WARN  2020-12-02 15:10:06.660 src/html/noteformatter.cpp:194 Note is inactive.  Setting to read-only. Note guid="1aa37cfe-6d56-44ac-8215-28e58de1b965"
WARN  2020-12-02 15:10:11.672 src/html/noteformatter.cpp:194 Note is inactive.  Setting to read-only. Note guid="22ef6367-cc0e-47fc-af03-20bf2aef8a38"
WARN  2020-12-02 15:10:16.665 src/html/noteformatter.cpp:194 Note is inactive.  Setting to read-only. Note guid="8f6cc839-235a-4dd7-96e9-f41a35bbe9cd"
WARN  2020-12-02 15:11:21.659 src/html/noteformatter.cpp:194 Note is inactive.  Setting to read-only. Note guid="884de5fe-e44c-4acb-88c7-9846d032700a"
WARN  2020-12-02 15:11:26.661 src/html/noteformatter.cpp:194 Note is inactive.  Setting to read-only. Note guid="d028795c-8ee5-4ec5-9f54-6399bcb3399b"
WARN  2020-12-02 15:25:37.661 src/html/noteformatter.cpp:194 Note is inactive.  Setting to read-only. Note guid="e4867281-32c9-45c4-a8ad-720107c89d04"
ERROR 2020-12-02 15:26:47.693 src/sql/resourcetable.cpp:774 Resource not found for lid:2169 key:6003 hash:"31e04f10580e975ad8ff789714ecc0e4"
ERROR 2020-12-02 15:26:47.694 src/sql/resourcetable.cpp:774 Resource not found for lid:2170 key:6003 hash:"31e04f10580e975ad8ff789714ecc0e4"
ERROR 2020-12-02 15:26:47.695 src/sql/resourcetable.cpp:774 Resource not found for lid:2171 key:6003 hash:"31e04f10580e975ad8ff789714ecc0e4"
ERROR 2020-12-02 15:26:47.695 src/sql/resourcetable.cpp:774 Resource not found for lid:2172 key:6003 hash:"31e04f10580e975ad8ff789714ecc0e4"
ERROR 2020-12-02 15:26:47.696 src/sql/resourcetable.cpp:774 Resource not found for lid:2180 key:6003 hash:"31e04f10580e975ad8ff789714ecc0e4"
ERROR 2020-12-02 15:26:47.697 src/sql/resourcetable.cpp:774 Resource not found for lid:2181 key:6003 hash:"31e04f10580e975ad8ff789714ecc0e4"
ERROR 2020-12-02 15:26:47.698 src/sql/resourcetable.cpp:774 Resource not found for lid:2182 key:6003 hash:"31e04f10580e975ad8ff789714ecc0e4"
ERROR 2020-12-02 15:26:47.718 src/sql/resourcetable.cpp:774 Resource not found for lid:2169 key:6003 hash:"58a4280d2290efcb2eca1793200c9e4a"
ERROR 2020-12-02 15:26:47.724 src/sql/resourcetable.cpp:774 Resource not found for lid:2169 key:6003 hash:"ff076c9c067a1420c588bb735bf0ec2d"
ERROR 2020-12-02 15:26:47.725 src/sql/resourcetable.cpp:774 Resource not found for lid:2170 key:6003 hash:"ff076c9c067a1420c588bb735bf0ec2d"
ERROR 2020-12-02 15:26:47.736 src/sql/resourcetable.cpp:774 Resource not found for lid:2169 key:6003 hash:"e1bb2885ef1271a4ac987742ad760b63"
ERROR 2020-12-02 15:26:47.737 src/sql/resourcetable.cpp:774 Resource not found for lid:2170 key:6003 hash:"e1bb2885ef1271a4ac987742ad760b63"
ERROR 2020-12-02 15:26:47.739 src/sql/resourcetable.cpp:774 Resource not found for lid:2171 key:6003 hash:"e1bb2885ef1271a4ac987742ad760b63"
ERROR 2020-12-02 15:27:27.687 src/sql/resourcetable.cpp:774 Resource not found for lid:2191 key:6003 hash:"3a1c936fc093d502a728c1426c43b8ad"
ERROR 2020-12-02 15:27:27.688 src/sql/resourcetable.cpp:774 Resource not found for lid:2192 key:6003 hash:"3a1c936fc093d502a728c1426c43b8ad"
ERROR 2020-12-02 15:27:27.689 src/sql/resourcetable.cpp:774 Resource not found for lid:2234 key:6003 hash:"3a1c936fc093d502a728c1426c43b8ad"
ERROR 2020-12-02 15:27:27.705 src/sql/resourcetable.cpp:774 Resource not found for lid:2191 key:6003 hash:"b880e4573b18071588ee1f84cb0213ea"
WARN  2020-12-02 15:29:07.672 src/html/noteformatter.cpp:194 Note is inactive.  Setting to read-only. Note guid="51225741-edfe-4709-80bc-75cf789f084c"
WARN  2020-12-02 15:29:12.669 src/html/noteformatter.cpp:194 Note is inactive.  Setting to read-only. Note guid="8d7c07d7-3fc9-4fde-b3be-08e62a0b2b39"
WARN  2020-12-02 15:30:17.717 src/html/noteformatter.cpp:194 Note is inactive.  Setting to read-only. Note guid="89835369-7877-42dc-b8bb-ee001a7d8753"
WARN  2020-12-02 15:34:37.692 src/html/noteformatter.cpp:194 Note is inactive.  Setting to read-only. Note guid="38893df0-6f0c-4a3d-b817-40540673acbf"
WARN  2020-12-02 15:35:12.654 src/html/noteformatter.cpp:77 Content class not empty. Setting read-only. Note guid="a2ca0eba-f978-4817-b208-ac45acb692cf"
WARN  2020-12-02 15:35:12.704 src/html/noteformatter.cpp:194 Note is inactive.  Setting to read-only. Note guid="a2ca0eba-f978-4817-b208-ac45acb692cf"
WARN  2020-12-02 15:35:17.654 src/html/noteformatter.cpp:77 Content class not empty. Setting read-only. Note guid="758f0d7b-54bd-4852-9e14-20a5318f7c57"
WARN  2020-12-02 15:35:17.704 src/html/noteformatter.cpp:194 Note is inactive.  Setting to read-only. Note guid="758f0d7b-54bd-4852-9e14-20a5318f7c57"
WARN  2020-12-02 15:35:22.656 src/html/noteformatter.cpp:77 Content class not empty. Setting read-only. Note guid="6dd2efe6-8f72-423b-a69b-c0c35353df2d"
ERROR 2020-12-02 15:35:22.693 src/sql/resourcetable.cpp:774 Resource not found for lid:2333 key:6003 hash:"682d07012b70c5317540e9d6219523d3"
ERROR 2020-12-02 15:35:22.694 src/sql/resourcetable.cpp:774 Resource not found for lid:2331 key:6003 hash:"682d07012b70c5317540e9d6219523d3"
ERROR 2020-12-02 15:35:22.695 src/sql/resourcetable.cpp:774 Resource not found for lid:2348 key:6003 hash:"682d07012b70c5317540e9d6219523d3"
WARN  2020-12-02 15:35:22.710 src/html/noteformatter.cpp:194 Note is inactive.  Setting to read-only. Note guid="6dd2efe6-8f72-423b-a69b-c0c35353df2d"
WARN  2020-12-02 15:35:27.657 src/html/noteformatter.cpp:77 Content class not empty. Setting read-only. Note guid="311525ce-1f26-4bc4-addb-0f37c654f3f7"
ERROR 2020-12-02 15:35:27.687 src/sql/resourcetable.cpp:774 Resource not found for lid:2335 key:6003 hash:"a3ffa5fc593170cc6c3e94b17dd8f3b6"
WARN  2020-12-02 15:35:27.695 src/html/noteformatter.cpp:194 Note is inactive.  Setting to read-only. Note guid="311525ce-1f26-4bc4-addb-0f37c654f3f7"
WARN  2020-12-02 15:35:32.654 src/html/noteformatter.cpp:77 Content class not empty. Setting read-only. Note guid="3501e257-d746-465f-8798-14b0b3280bd4"
ERROR 2020-12-02 15:35:32.689 src/sql/resourcetable.cpp:774 Resource not found for lid:2338 key:6003 hash:"981ad54ffe36064ceb800f3a128966cb"
WARN  2020-12-02 15:35:32.708 src/html/noteformatter.cpp:194 Note is inactive.  Setting to read-only. Note guid="3501e257-d746-465f-8798-14b0b3280bd4"
WARN  2020-12-02 15:35:37.655 src/html/noteformatter.cpp:77 Content class not empty. Setting read-only. Note guid="c67c13c0-c67d-4172-b407-8cd7d892c1f3"
ERROR 2020-12-02 15:35:37.685 src/sql/resourcetable.cpp:774 Resource not found for lid:2341 key:6003 hash:"afd19746d1c67c6d26d24de4b69e6292"
WARN  2020-12-02 15:35:37.693 src/html/noteformatter.cpp:194 Note is inactive.  Setting to read-only. Note guid="c67c13c0-c67d-4172-b407-8cd7d892c1f3"
WARN  2020-12-02 15:35:42.655 src/html/noteformatter.cpp:77 Content class not empty. Setting read-only. Note guid="55238bf9-2c0f-43cf-a0ff-2c2733d4ab75"
WARN  2020-12-02 15:35:42.701 src/html/noteformatter.cpp:194 Note is inactive.  Setting to read-only. Note guid="55238bf9-2c0f-43cf-a0ff-2c2733d4ab75"
WARN  2020-12-02 15:36:37.654 src/html/noteformatter.cpp:194 Note is inactive.  Setting to read-only. Note guid="81c721b9-cb0e-4bed-8cac-3ce13ad86e02"
WARN  2020-12-02 15:36:42.665 src/html/noteformatter.cpp:194 Note is inactive.  Setting to read-only. Note guid="70fdc72b-f71b-4a85-be92-82d57df316c0"
WARN  2020-12-02 15:38:47.653 src/html/noteformatter.cpp:77 Content class not empty. Setting read-only. Note guid="ee30fd83-588b-428f-b932-d80d2c47f38a"
WARN  2020-12-02 15:40:37.667 src/html/noteformatter.cpp:194 Note is inactive.  Setting to read-only. Note guid="f98323c5-2f68-42f2-8cc2-1c48d8552224"
WARN  2020-12-02 15:41:02.685 src/html/noteformatter.cpp:194 Note is inactive.  Setting to read-only. Note guid="fda63080-8a59-4acf-b582-a439998bd364"
WARN  2020-12-02 15:41:32.672 src/html/noteformatter.cpp:194 Note is inactive.  Setting to read-only. Note guid="51278a09-4290-4158-8dc0-31bbba65c146"
WARN  2020-12-02 15:41:37.659 src/html/noteformatter.cpp:194 Note is inactive.  Setting to read-only. Note guid="a3f5e403-53b5-4629-945d-1cd4c0ba3f59"
WARN  2020-12-02 15:44:32.715 src/html/noteformatter.cpp:194 Note is inactive.  Setting to read-only. Note guid="e4638f67-5c59-46fd-92f5-edabc149acac"
WARN  2020-12-02 15:49:13.670 src/html/noteformatter.cpp:194 Note is inactive.  Setting to read-only. Note guid="bb8affd1-ea74-433a-9802-e39255103f12"
WARN  2020-12-02 15:49:18.660 src/html/noteformatter.cpp:194 Note is inactive.  Setting to read-only. Note guid="84f82f18-e78a-483b-879e-e8b4021b6ba4"
WARN  2020-12-02 15:51:09.652 src/html/noteformatter.cpp:77 Content class not empty. Setting read-only. Note guid="608e2538-aa0e-484c-913a-359616f29272"
WARN  2020-12-02 16:02:14.658 src/html/noteformatter.cpp:194 Note is inactive.  Setting to read-only. Note guid="d59a3179-c21e-4a95-8140-34d0fd5c7354"
WARN  2020-12-02 16:02:19.659 src/html/noteformatter.cpp:194 Note is inactive.  Setting to read-only. Note guid="23ee70bd-3d5d-4ff4-9c09-bb8234cdcc14"
WARN  2020-12-02 16:02:24.673 src/html/noteformatter.cpp:194 Note is inactive.  Setting to read-only. Note guid="bc25f259-5fdf-48f9-825b-c3eb89ede409"
